<?xml version="1.0" encoding="UTF-8"?>
<testng-results ignored="0" total="1" passed="1" failed="0" skipped="0">
  <reporter-output>
  </reporter-output>
  <suite started-at="2024-02-15T23:48:45 IST" name="Default suite" finished-at="2024-02-15T23:49:23 IST" duration-ms="37398">
    <groups>
    </groups>
    <test started-at="2024-02-15T23:48:45 IST" name="Default test" finished-at="2024-02-15T23:49:23 IST" duration-ms="37398">
      <class name="Entrata.EntrataTest">
        <test-method is-config="true" signature="setUp()[pri:0, instance:Entrata.EntrataTest@3fc2959f]" started-at="2024-02-15T23:48:45 IST" name="setUp" finished-at="2024-02-15T23:48:48 IST" duration-ms="2729" status="PASS">
          <reporter-output>
          </reporter-output>
        </test-method> <!-- setUp -->
        <test-method signature="testEntrataWebsite()[pri:0, instance:Entrata.EntrataTest@3fc2959f]" started-at="2024-02-15T23:48:48 IST" name="testEntrataWebsite" finished-at="2024-02-15T23:49:22 IST" duration-ms="34066" status="PASS">
          <reporter-output>
          </reporter-output>
        </test-method> <!-- testEntrataWebsite -->
        <test-method is-config="true" signature="tearDown()[pri:0, instance:Entrata.EntrataTest@3fc2959f]" started-at="2024-02-15T23:49:22 IST" name="tearDown" finished-at="2024-02-15T23:49:23 IST" duration-ms="542" status="PASS">
          <reporter-output>
          </reporter-output>
        </test-method> <!-- tearDown -->
      </class> <!-- Entrata.EntrataTest -->
    </test> <!-- Default test -->
  </suite> <!-- Default suite -->
</testng-results>
